<?xml version="1.0" encoding="UTF-8"?>
<testng-results skipped="0" failed="0" ignored="0" total="1" passed="1">
  <reporter-output>
  </reporter-output>
  <suite name="Suite" duration-ms="12056" started-at="2018-09-30T16:28:20Z" finished-at="2018-09-30T16:28:32Z">
    <groups>
    </groups>
    <test name="Test" duration-ms="12056" started-at="2018-09-30T16:28:20Z" finished-at="2018-09-30T16:28:32Z">
      <class name="testPackage.CreateProjectUsingTemplate">
        <test-method status="PASS" signature="setup()[pri:0, instance:testPackage.CreateProjectUsingTemplate@2096442d]" name="setup" is-config="true" duration-ms="11996" started-at="2018-09-30T21:58:20Z" finished-at="2018-09-30T21:58:32Z">
          <reporter-output>
          </reporter-output>
        </test-method> <!-- setup -->
        <test-method status="PASS" signature="TitleTest()[pri:0, instance:testPackage.CreateProjectUsingTemplate@2096442d]" name="TitleTest" duration-ms="28" started-at="2018-09-30T21:58:32Z" finished-at="2018-09-30T21:58:32Z">
          <reporter-output>
          </reporter-output>
        </test-method> <!-- TitleTest -->
      </class> <!-- testPackage.CreateProjectUsingTemplate -->
    </test> <!-- Test -->
  </suite> <!-- Suite -->
</testng-results>
