<?xml version="1.0" encoding="UTF-8"?>
<testng-results skipped="0" failed="0" ignored="0" total="1" passed="1">
  <reporter-output>
  </reporter-output>
  <suite name="Suite" duration-ms="11136" started-at="2018-09-30T13:38:26Z" finished-at="2018-09-30T13:38:37Z">
    <groups>
    </groups>
    <test name="Test" duration-ms="11136" started-at="2018-09-30T13:38:26Z" finished-at="2018-09-30T13:38:37Z">
      <class name="testPackage.CreateProjectUsingTemplate">
        <test-method status="PASS" signature="setup()[pri:0, instance:testPackage.CreateProjectUsingTemplate@6d4b1c02]" name="setup" is-config="true" duration-ms="11017" started-at="2018-09-30T19:08:26Z" finished-at="2018-09-30T19:08:37Z">
          <reporter-output>
          </reporter-output>
        </test-method> <!-- setup -->
        <test-method status="PASS" signature="TitleTest()[pri:0, instance:testPackage.CreateProjectUsingTemplate@6d4b1c02]" name="TitleTest" duration-ms="58" started-at="2018-09-30T19:08:37Z" finished-at="2018-09-30T19:08:37Z">
          <reporter-output>
          </reporter-output>
        </test-method> <!-- TitleTest -->
      </class> <!-- testPackage.CreateProjectUsingTemplate -->
    </test> <!-- Test -->
  </suite> <!-- Suite -->
</testng-results>
